Started GET "/" for 127.0.0.1 at 2022-11-19 21:27:52 -0500
  [1m[35m (10.5ms)[0m  [1m[35mCREATE TABLE "schema_migrations" ("version" varchar NOT NULL PRIMARY KEY)[0m
  [1m[35m (8.0ms)[0m  [1m[35mCREATE TABLE "ar_internal_metadata" ("key" varchar NOT NULL PRIMARY KEY, "value" varchar, "created_at" datetime(6) NOT NULL, "updated_at" datetime(6) NOT NULL)[0m
  [1m[36mActiveRecord::SchemaMigration Pluck (1.9ms)[0m  [1m[34mSELECT "schema_migrations"."version" FROM "schema_migrations" ORDER BY "schema_migrations"."version" ASC[0m
  
ActiveRecord::PendingMigrationError (

Migrations are pending. To resolve this issue, run:

        bin/rails db:migrate RAILS_ENV=development

You have 8 pending migrations:

20221117175522_create_users.rb
20221119044947_add_index_to_users_email.rb
20221119053222_add_password_digest_to_users.rb
20221119223451_create_presentations.rb
20221119223938_create_evaluations.rb
20221119224911_add_foreign_keys_to_evaluation.rb
20221120010757_create_teams.rb
20221120010930_add_foreign_key_to_team.rb


):
  
activerecord (7.0.4) lib/active_record/migration.rb:627:in `check_pending!'
activerecord (7.0.4) lib/active_record/migration.rb:592:in `block (2 levels) in call'
activesupport (7.0.4) lib/active_support/file_update_checker.rb:83:in `execute'
activerecord (7.0.4) lib/active_record/migration.rb:597:in `block in call'
activerecord (7.0.4) lib/active_record/migration.rb:589:in `synchronize'
activerecord (7.0.4) lib/active_record/migration.rb:589:in `call'
actionpack (7.0.4) lib/action_dispatch/middleware/callbacks.rb:27:in `block in call'
activesupport (7.0.4) lib/active_support/callbacks.rb:99:in `run_callbacks'
actionpack (7.0.4) lib/action_dispatch/middleware/callbacks.rb:26:in `call'
actionpack (7.0.4) lib/action_dispatch/middleware/executor.rb:14:in `call'
actionpack (7.0.4) lib/action_dispatch/middleware/actionable_exceptions.rb:17:in `call'
actionpack (7.0.4) lib/action_dispatch/middleware/debug_exceptions.rb:28:in `call'
web-console (4.2.0) lib/web_console/middleware.rb:132:in `call_app'
web-console (4.2.0) lib/web_console/middleware.rb:28:in `block in call'
web-console (4.2.0) lib/web_console/middleware.rb:17:in `catch'
web-console (4.2.0) lib/web_console/middleware.rb:17:in `call'
actionpack (7.0.4) lib/action_dispatch/middleware/show_exceptions.rb:26:in `call'
railties (7.0.4) lib/rails/rack/logger.rb:40:in `call_app'
railties (7.0.4) lib/rails/rack/logger.rb:25:in `block in call'
activesupport (7.0.4) lib/active_support/tagged_logging.rb:99:in `block in tagged'
activesupport (7.0.4) lib/active_support/tagged_logging.rb:37:in `tagged'
activesupport (7.0.4) lib/active_support/tagged_logging.rb:99:in `tagged'
railties (7.0.4) lib/rails/rack/logger.rb:25:in `call'
sprockets-rails (3.4.2) lib/sprockets/rails/quiet_assets.rb:13:in `call'
actionpack (7.0.4) lib/action_dispatch/middleware/remote_ip.rb:93:in `call'
actionpack (7.0.4) lib/action_dispatch/middleware/request_id.rb:26:in `call'
rack (2.2.4) lib/rack/method_override.rb:24:in `call'
rack (2.2.4) lib/rack/runtime.rb:22:in `call'
activesupport (7.0.4) lib/active_support/cache/strategy/local_cache_middleware.rb:29:in `call'
actionpack (7.0.4) lib/action_dispatch/middleware/server_timing.rb:61:in `block in call'
actionpack (7.0.4) lib/action_dispatch/middleware/server_timing.rb:26:in `collect_events'
actionpack (7.0.4) lib/action_dispatch/middleware/server_timing.rb:60:in `call'
actionpack (7.0.4) lib/action_dispatch/middleware/executor.rb:14:in `call'
actionpack (7.0.4) lib/action_dispatch/middleware/static.rb:23:in `call'
rack (2.2.4) lib/rack/sendfile.rb:110:in `call'
actionpack (7.0.4) lib/action_dispatch/middleware/host_authorization.rb:137:in `call'
railties (7.0.4) lib/rails/engine.rb:530:in `call'
puma (5.6.5) lib/puma/configuration.rb:252:in `call'
puma (5.6.5) lib/puma/request.rb:77:in `block in handle_request'
puma (5.6.5) lib/puma/thread_pool.rb:340:in `with_force_shutdown'
puma (5.6.5) lib/puma/request.rb:76:in `handle_request'
puma (5.6.5) lib/puma/server.rb:443:in `process_client'
puma (5.6.5) lib/puma/thread_pool.rb:147:in `block in spawn_thread'
  [1m[36mActiveRecord::SchemaMigration Pluck (0.9ms)[0m  [1m[34mSELECT "schema_migrations"."version" FROM "schema_migrations" ORDER BY "schema_migrations"."version" ASC[0m
Migrating to CreateUsers (20221117175522)
  [1m[36mTRANSACTION (0.1ms)[0m  [1m[36mbegin transaction[0m
  [1m[35m (3.7ms)[0m  [1m[35mCREATE TABLE "users" ("id" integer PRIMARY KEY AUTOINCREMENT NOT NULL, "name" varchar, "email" varchar, "created_at" datetime(6) NOT NULL, "updated_at" datetime(6) NOT NULL)[0m
  [1m[36mActiveRecord::SchemaMigration Create (1.1ms)[0m  [1m[32mINSERT INTO "schema_migrations" ("version") VALUES (?)[0m  [["version", "20221117175522"]]
  [1m[36mTRANSACTION (10.6ms)[0m  [1m[36mcommit transaction[0m
Migrating to AddIndexToUsersEmail (20221119044947)
  [1m[36mTRANSACTION (0.1ms)[0m  [1m[36mbegin transaction[0m
  [1m[35m (3.6ms)[0m  [1m[35mCREATE UNIQUE INDEX "index_users_on_email" ON "users" ("email")[0m
  [1m[36mActiveRecord::SchemaMigration Create (0.8ms)[0m  [1m[32mINSERT INTO "schema_migrations" ("version") VALUES (?)[0m  [["version", "20221119044947"]]
  [1m[36mTRANSACTION (10.0ms)[0m  [1m[36mcommit transaction[0m
Migrating to AddPasswordDigestToUsers (20221119053222)
  [1m[36mTRANSACTION (0.1ms)[0m  [1m[36mbegin transaction[0m
  [1m[35m (3.0ms)[0m  [1m[35mALTER TABLE "users" ADD "password_digest" varchar[0m
  [1m[36mActiveRecord::SchemaMigration Create (0.9ms)[0m  [1m[32mINSERT INTO "schema_migrations" ("version") VALUES (?)[0m  [["version", "20221119053222"]]
  [1m[36mTRANSACTION (10.2ms)[0m  [1m[36mcommit transaction[0m
Migrating to CreatePresentations (20221119223451)
  [1m[36mTRANSACTION (0.1ms)[0m  [1m[36mbegin transaction[0m
  [1m[35m (2.9ms)[0m  [1m[35mCREATE TABLE "presentations" ("id" integer PRIMARY KEY AUTOINCREMENT NOT NULL, "name" varchar, "submitted" boolean, "grade" integer, "created_at" datetime(6) NOT NULL, "updated_at" datetime(6) NOT NULL)[0m
  [1m[36mActiveRecord::SchemaMigration Create (0.6ms)[0m  [1m[32mINSERT INTO "schema_migrations" ("version") VALUES (?)[0m  [["version", "20221119223451"]]
  [1m[36mTRANSACTION (9.5ms)[0m  [1m[36mcommit transaction[0m
Migrating to CreateEvaluations (20221119223938)
  [1m[36mTRANSACTION (0.1ms)[0m  [1m[36mbegin transaction[0m
  [1m[35m (2.8ms)[0m  [1m[35mCREATE TABLE "evaluations" ("id" integer PRIMARY KEY AUTOINCREMENT NOT NULL, "score" integer, "evaluation" text, "submitted" boolean, "created_at" datetime(6) NOT NULL, "updated_at" datetime(6) NOT NULL)[0m
  [1m[36mActiveRecord::SchemaMigration Create (0.8ms)[0m  [1m[32mINSERT INTO "schema_migrations" ("version") VALUES (?)[0m  [["version", "20221119223938"]]
  [1m[36mTRANSACTION (10.5ms)[0m  [1m[36mcommit transaction[0m
Migrating to AddForeignKeysToEvaluation (20221119224911)
  [1m[36mTRANSACTION (0.1ms)[0m  [1m[36mbegin transaction[0m
  [1m[35m (2.5ms)[0m  [1m[35mALTER TABLE "evaluations" ADD "presentation_id" integer[0m
  [1m[35m (0.1ms)[0m  [1m[35mCREATE INDEX "index_evaluations_on_presentation_id" ON "evaluations" ("presentation_id")[0m
  [1m[35m (0.0ms)[0m  [1m[35mPRAGMA foreign_keys[0m
  [1m[35m (0.0ms)[0m  [1m[35mPRAGMA defer_foreign_keys[0m
  [1m[35m (0.0ms)[0m  [1m[35mPRAGMA defer_foreign_keys = ON[0m
  [1m[35m (0.0ms)[0m  [1m[35mPRAGMA foreign_keys = OFF[0m
  [1m[35m (0.1ms)[0m  [1m[35mCREATE TEMPORARY TABLE "aevaluations" ("id" integer NOT NULL PRIMARY KEY, "score" integer DEFAULT NULL, "evaluation" text DEFAULT NULL, "submitted" boolean DEFAULT NULL, "created_at" datetime(6) NOT NULL, "updated_at" datetime(6) NOT NULL, "presentation_id" integer DEFAULT NULL)[0m
  [1m[35m (0.1ms)[0m  [1m[35mCREATE INDEX "tindex_aevaluations_on_presentation_id" ON "aevaluations" ("presentation_id")[0m
  [1m[35m (0.0ms)[0m  [1m[32mINSERT INTO "aevaluations" ("id","score","evaluation","submitted","created_at","updated_at","presentation_id")
                     SELECT "id","score","evaluation","submitted","created_at","updated_at","presentation_id" FROM "evaluations"[0m
  [1m[35m (0.6ms)[0m  [1m[35mDROP TABLE "evaluations"[0m
  [1m[35m (0.1ms)[0m  [1m[35mCREATE TABLE "evaluations" ("id" integer NOT NULL PRIMARY KEY, "score" integer DEFAULT NULL, "evaluation" text DEFAULT NULL, "submitted" boolean DEFAULT NULL, "created_at" datetime(6) NOT NULL, "updated_at" datetime(6) NOT NULL, "presentation_id" integer DEFAULT NULL, CONSTRAINT "fk_rails_43d2c5add4"
FOREIGN KEY ("presentation_id")
  REFERENCES "presentations" ("id")
)[0m
  [1m[35m (0.0ms)[0m  [1m[35mCREATE INDEX "index_evaluations_on_presentation_id" ON "evaluations" ("presentation_id")[0m
  [1m[35m (0.0ms)[0m  [1m[32mINSERT INTO "evaluations" ("id","score","evaluation","submitted","created_at","updated_at","presentation_id")
                     SELECT "id","score","evaluation","submitted","created_at","updated_at","presentation_id" FROM "aevaluations"[0m
  [1m[35m (0.1ms)[0m  [1m[35mDROP TABLE "aevaluations"[0m
  [1m[35m (0.0ms)[0m  [1m[35mPRAGMA defer_foreign_keys = 0[0m
  [1m[35m (0.0ms)[0m  [1m[35mPRAGMA foreign_keys = 1[0m
  [1m[35m (0.1ms)[0m  [1m[35mALTER TABLE "evaluations" ADD "user_id" integer[0m
  [1m[35m (0.1ms)[0m  [1m[35mCREATE INDEX "index_evaluations_on_user_id" ON "evaluations" ("user_id")[0m
  [1m[35m (0.0ms)[0m  [1m[35mPRAGMA foreign_keys[0m
  [1m[35m (0.0ms)[0m  [1m[35mPRAGMA defer_foreign_keys[0m
  [1m[35m (0.0ms)[0m  [1m[35mPRAGMA defer_foreign_keys = ON[0m
  [1m[35m (0.0ms)[0m  [1m[35mPRAGMA foreign_keys = OFF[0m
  [1m[35m (0.1ms)[0m  [1m[35mCREATE TEMPORARY TABLE "aevaluations" ("id" integer NOT NULL PRIMARY KEY, "score" integer DEFAULT NULL, "evaluation" text DEFAULT NULL, "submitted" boolean DEFAULT NULL, "created_at" datetime(6) NOT NULL, "updated_at" datetime(6) NOT NULL, "presentation_id" integer DEFAULT NULL, "user_id" integer DEFAULT NULL)[0m
  [1m[35m (0.0ms)[0m  [1m[35mCREATE INDEX "tindex_aevaluations_on_user_id" ON "aevaluations" ("user_id")[0m
  [1m[35m (0.1ms)[0m  [1m[35mCREATE INDEX "tindex_aevaluations_on_presentation_id" ON "aevaluations" ("presentation_id")[0m
  [1m[35m (0.0ms)[0m  [1m[32mINSERT INTO "aevaluations" ("id","score","evaluation","submitted","created_at","updated_at","presentation_id","user_id")
                     SELECT "id","score","evaluation","submitted","created_at","updated_at","presentation_id","user_id" FROM "evaluations"[0m
  [1m[35m (0.1ms)[0m  [1m[35mDROP TABLE "evaluations"[0m
  [1m[35m (0.1ms)[0m  [1m[35mCREATE TABLE "evaluations" ("id" integer NOT NULL PRIMARY KEY, "score" integer DEFAULT NULL, "evaluation" text DEFAULT NULL, "submitted" boolean DEFAULT NULL, "created_at" datetime(6) NOT NULL, "updated_at" datetime(6) NOT NULL, "presentation_id" integer DEFAULT NULL, "user_id" integer DEFAULT NULL, CONSTRAINT "fk_rails_43d2c5add4"
FOREIGN KEY ("presentation_id")
  REFERENCES "presentations" ("id")
, CONSTRAINT "fk_rails_ef42eba623"
FOREIGN KEY ("user_id")
  REFERENCES "users" ("id")
)[0m
  [1m[35m (0.0ms)[0m  [1m[35mCREATE INDEX "index_evaluations_on_presentation_id" ON "evaluations" ("presentation_id")[0m
  [1m[35m (0.0ms)[0m  [1m[35mCREATE INDEX "index_evaluations_on_user_id" ON "evaluations" ("user_id")[0m
  [1m[35m (0.0ms)[0m  [1m[32mINSERT INTO "evaluations" ("id","score","evaluation","submitted","created_at","updated_at","presentation_id","user_id")
                     SELECT "id","score","evaluation","submitted","created_at","updated_at","presentation_id","user_id" FROM "aevaluations"[0m
  [1m[35m (0.1ms)[0m  [1m[35mDROP TABLE "aevaluations"[0m
  [1m[35m (0.0ms)[0m  [1m[35mPRAGMA defer_foreign_keys = 0[0m
  [1m[35m (0.0ms)[0m  [1m[35mPRAGMA foreign_keys = 1[0m
  [1m[36mActiveRecord::SchemaMigration Create (1.3ms)[0m  [1m[32mINSERT INTO "schema_migrations" ("version") VALUES (?)[0m  [["version", "20221119224911"]]
  [1m[36mTRANSACTION (10.7ms)[0m  [1m[36mcommit transaction[0m
Migrating to CreateTeams (20221120010757)
  [1m[36mTRANSACTION (0.1ms)[0m  [1m[36mbegin transaction[0m
  [1m[35m (2.7ms)[0m  [1m[35mCREATE TABLE "teams" ("id" integer PRIMARY KEY AUTOINCREMENT NOT NULL, "created_at" datetime(6) NOT NULL, "updated_at" datetime(6) NOT NULL)[0m
  [1m[36mActiveRecord::SchemaMigration Create (0.7ms)[0m  [1m[32mINSERT INTO "schema_migrations" ("version") VALUES (?)[0m  [["version", "20221120010757"]]
  [1m[36mTRANSACTION (10.1ms)[0m  [1m[36mcommit transaction[0m
Migrating to AddForeignKeyToTeam (20221120010930)
  [1m[36mTRANSACTION (0.1ms)[0m  [1m[36mbegin transaction[0m
  [1m[35m (2.8ms)[0m  [1m[35mALTER TABLE "teams" ADD "presentation_id" integer[0m
  [1m[35m (0.1ms)[0m  [1m[35mCREATE INDEX "index_teams_on_presentation_id" ON "teams" ("presentation_id")[0m
  [1m[35m (0.0ms)[0m  [1m[35mPRAGMA foreign_keys[0m
  [1m[35m (0.0ms)[0m  [1m[35mPRAGMA defer_foreign_keys[0m
  [1m[35m (0.0ms)[0m  [1m[35mPRAGMA defer_foreign_keys = ON[0m
  [1m[35m (0.0ms)[0m  [1m[35mPRAGMA foreign_keys = OFF[0m
  [1m[35m (0.1ms)[0m  [1m[35mCREATE TEMPORARY TABLE "ateams" ("id" integer NOT NULL PRIMARY KEY, "created_at" datetime(6) NOT NULL, "updated_at" datetime(6) NOT NULL, "presentation_id" integer DEFAULT NULL)[0m
  [1m[35m (0.1ms)[0m  [1m[35mCREATE INDEX "tindex_ateams_on_presentation_id" ON "ateams" ("presentation_id")[0m
  [1m[35m (0.0ms)[0m  [1m[32mINSERT INTO "ateams" ("id","created_at","updated_at","presentation_id")
                     SELECT "id","created_at","updated_at","presentation_id" FROM "teams"[0m
  [1m[35m (0.4ms)[0m  [1m[35mDROP TABLE "teams"[0m
  [1m[35m (0.1ms)[0m  [1m[35mCREATE TABLE "teams" ("id" integer NOT NULL PRIMARY KEY, "created_at" datetime(6) NOT NULL, "updated_at" datetime(6) NOT NULL, "presentation_id" integer DEFAULT NULL, CONSTRAINT "fk_rails_2e95ef4bd5"
FOREIGN KEY ("presentation_id")
  REFERENCES "presentations" ("id")
)[0m
  [1m[35m (0.1ms)[0m  [1m[35mCREATE INDEX "index_teams_on_presentation_id" ON "teams" ("presentation_id")[0m
  [1m[35m (0.0ms)[0m  [1m[32mINSERT INTO "teams" ("id","created_at","updated_at","presentation_id")
                     SELECT "id","created_at","updated_at","presentation_id" FROM "ateams"[0m
  [1m[35m (0.1ms)[0m  [1m[35mDROP TABLE "ateams"[0m
  [1m[35m (0.2ms)[0m  [1m[35mPRAGMA defer_foreign_keys = 0[0m
  [1m[35m (0.0ms)[0m  [1m[35mPRAGMA foreign_keys = 1[0m
  [1m[35m (0.1ms)[0m  [1m[35mALTER TABLE "teams" ADD "user_id" integer[0m
  [1m[35m (0.1ms)[0m  [1m[35mCREATE INDEX "index_teams_on_user_id" ON "teams" ("user_id")[0m
  [1m[35m (0.0ms)[0m  [1m[35mPRAGMA foreign_keys[0m
  [1m[35m (0.0ms)[0m  [1m[35mPRAGMA defer_foreign_keys[0m
  [1m[35m (0.0ms)[0m  [1m[35mPRAGMA defer_foreign_keys = ON[0m
  [1m[35m (0.0ms)[0m  [1m[35mPRAGMA foreign_keys = OFF[0m
  [1m[35m (0.1ms)[0m  [1m[35mCREATE TEMPORARY TABLE "ateams" ("id" integer NOT NULL PRIMARY KEY, "created_at" datetime(6) NOT NULL, "updated_at" datetime(6) NOT NULL, "presentation_id" integer DEFAULT NULL, "user_id" integer DEFAULT NULL)[0m
  [1m[35m (0.1ms)[0m  [1m[35mCREATE INDEX "tindex_ateams_on_user_id" ON "ateams" ("user_id")[0m
  [1m[35m (0.1ms)[0m  [1m[35mCREATE INDEX "tindex_ateams_on_presentation_id" ON "ateams" ("presentation_id")[0m
  [1m[35m (0.0ms)[0m  [1m[32mINSERT INTO "ateams" ("id","created_at","updated_at","presentation_id","user_id")
                     SELECT "id","created_at","updated_at","presentation_id","user_id" FROM "teams"[0m
  [1m[35m (0.1ms)[0m  [1m[35mDROP TABLE "teams"[0m
  [1m[35m (0.1ms)[0m  [1m[35mCREATE TABLE "teams" ("id" integer NOT NULL PRIMARY KEY, "created_at" datetime(6) NOT NULL, "updated_at" datetime(6) NOT NULL, "presentation_id" integer DEFAULT NULL, "user_id" integer DEFAULT NULL, CONSTRAINT "fk_rails_2e95ef4bd5"
FOREIGN KEY ("presentation_id")
  REFERENCES "presentations" ("id")
, CONSTRAINT "fk_rails_45096701b6"
FOREIGN KEY ("user_id")
  REFERENCES "users" ("id")
)[0m
  [1m[35m (0.1ms)[0m  [1m[35mCREATE INDEX "index_teams_on_presentation_id" ON "teams" ("presentation_id")[0m
  [1m[35m (0.0ms)[0m  [1m[35mCREATE INDEX "index_teams_on_user_id" ON "teams" ("user_id")[0m
  [1m[35m (0.1ms)[0m  [1m[32mINSERT INTO "teams" ("id","created_at","updated_at","presentation_id","user_id")
                     SELECT "id","created_at","updated_at","presentation_id","user_id" FROM "ateams"[0m
  [1m[35m (0.2ms)[0m  [1m[35mDROP TABLE "ateams"[0m
  [1m[35m (0.0ms)[0m  [1m[35mPRAGMA defer_foreign_keys = 0[0m
  [1m[35m (0.0ms)[0m  [1m[35mPRAGMA foreign_keys = 1[0m
  [1m[36mActiveRecord::SchemaMigration Create (1.0ms)[0m  [1m[32mINSERT INTO "schema_migrations" ("version") VALUES (?)[0m  [["version", "20221120010930"]]
  [1m[36mTRANSACTION (10.6ms)[0m  [1m[36mcommit transaction[0m
  [1m[36mActiveRecord::InternalMetadata Load (1.2ms)[0m  [1m[34mSELECT "ar_internal_metadata".* FROM "ar_internal_metadata" WHERE "ar_internal_metadata"."key" = ? LIMIT ?[0m  [["key", "environment"], ["LIMIT", 1]]
  [1m[36mTRANSACTION (0.1ms)[0m  [1m[36mbegin transaction[0m
  [1m[36mActiveRecord::InternalMetadata Create (2.9ms)[0m  [1m[32mINSERT INTO "ar_internal_metadata" ("key", "value", "created_at", "updated_at") VALUES (?, ?, ?, ?)[0m  [["key", "environment"], ["value", "development"], ["created_at", "2022-11-20 02:28:56.571066"], ["updated_at", "2022-11-20 02:28:56.571066"]]
  [1m[36mTRANSACTION (9.9ms)[0m  [1m[36mcommit transaction[0m
  [1m[36mActiveRecord::SchemaMigration Pluck (1.6ms)[0m  [1m[34mSELECT "schema_migrations"."version" FROM "schema_migrations" ORDER BY "schema_migrations"."version" ASC[0m
Started GET "/" for 127.0.0.1 at 2022-11-19 21:29:12 -0500
  [1m[36mActiveRecord::SchemaMigration Pluck (1.0ms)[0m  [1m[34mSELECT "schema_migrations"."version" FROM "schema_migrations" ORDER BY "schema_migrations"."version" ASC[0m
Processing by StaticPagesController#home as HTML
  Rendering layout layouts/application.html.erb
  Rendering static_pages/home.html.erb within layouts/application
  Rendered static_pages/home.html.erb within layouts/application (Duration: 4488.4ms | Allocations: 132374)
  Rendered layouts/_shim.html.erb (Duration: 3.7ms | Allocations: 109)
  Rendered layouts/_header.html.erb (Duration: 4.1ms | Allocations: 456)
  Rendered layouts/_footer.html.erb (Duration: 3.4ms | Allocations: 202)
  Rendered layout layouts/application.html.erb (Duration: 4712.1ms | Allocations: 159505)
Completed 200 OK in 4824ms (Views: 4728.4ms | ActiveRecord: 0.0ms | Allocations: 163382)


Started GET "/signup" for 127.0.0.1 at 2022-11-20 19:25:02 -0500
Processing by UsersController#new as HTML
  Rendering layout layouts/application.html.erb
  Rendering users/new.html.erb within layouts/application
  Rendered shared/_error_messages.html.erb (Duration: 42.9ms | Allocations: 211)
  Rendered users/new.html.erb within layouts/application (Duration: 850.5ms | Allocations: 5756)
  Rendered layouts/_shim.html.erb (Duration: 0.1ms | Allocations: 12)
  Rendered layouts/_header.html.erb (Duration: 1.7ms | Allocations: 153)
  Rendered layouts/_footer.html.erb (Duration: 0.4ms | Allocations: 67)
  Rendered layout layouts/application.html.erb (Duration: 1121.5ms | Allocations: 13038)
Completed 200 OK in 1830ms (Views: 1145.7ms | ActiveRecord: 37.6ms | Allocations: 21831)


Started POST "/users" for 127.0.0.1 at 2022-11-20 19:25:30 -0500
Processing by UsersController#create as TURBO_STREAM
  Parameters: {"authenticity_token"=>"[FILTERED]", "user"=>{"name"=>"example", "email"=>"example@gmail.com", "password"=>"[FILTERED]", "password_confirmation"=>"[FILTERED]"}, "commit"=>"Create my account"}
  [1m[36mTRANSACTION (0.1ms)[0m  [1m[36mbegin transaction[0m
  ↳ app/controllers/users_controller.rb:12:in `create'
  [1m[36mUser Exists? (7.7ms)[0m  [1m[34mSELECT 1 AS one FROM "users" WHERE "users"."email" = ? LIMIT ?[0m  [["email", "example@gmail.com"], ["LIMIT", 1]]
  ↳ app/controllers/users_controller.rb:12:in `create'
  [1m[36mUser Create (15.5ms)[0m  [1m[32mINSERT INTO "users" ("name", "email", "created_at", "updated_at", "password_digest") VALUES (?, ?, ?, ?, ?)[0m  [["name", "example"], ["email", "example@gmail.com"], ["created_at", "2022-11-21 00:25:31.339331"], ["updated_at", "2022-11-21 00:25:31.339331"], ["password_digest", "[FILTERED]"]]
  ↳ app/controllers/users_controller.rb:12:in `create'
  [1m[36mTRANSACTION (23.0ms)[0m  [1m[36mcommit transaction[0m
  ↳ app/controllers/users_controller.rb:12:in `create'
Redirected to http://127.0.0.1:9292/users/1
Completed 302 Found in 488ms (ActiveRecord: 46.3ms | Allocations: 6660)


Started GET "/users/1" for 127.0.0.1 at 2022-11-20 19:25:31 -0500
Processing by UsersController#show as TURBO_STREAM
  Parameters: {"id"=>"1"}
  [1m[36mUser Load (2.7ms)[0m  [1m[34mSELECT "users".* FROM "users" WHERE "users"."id" = ? LIMIT ?[0m  [["id", 1], ["LIMIT", 1]]
  ↳ app/controllers/users_controller.rb:7:in `show'
  Rendering layout layouts/application.html.erb
  Rendering users/show.html.erb within layouts/application
  [1m[36mPresentation Load (3.6ms)[0m  [1m[34mSELECT "presentations".* FROM "presentations" INNER JOIN "teams" ON "presentations"."id" = "teams"."presentation_id" WHERE "teams"."user_id" = ?[0m  [["user_id", 1]]
  ↳ app/views/users/show.html.erb:3
  Rendered users/show.html.erb within layouts/application (Duration: 659.5ms | Allocations: 14240)
  Rendered layouts/_shim.html.erb (Duration: 0.1ms | Allocations: 10)
  Rendered layouts/_header.html.erb (Duration: 0.3ms | Allocations: 147)
  Rendered layouts/_footer.html.erb (Duration: 0.4ms | Allocations: 62)
  Rendered layout layouts/application.html.erb (Duration: 844.1ms | Allocations: 21538)
Completed 200 OK in 921ms (Views: 827.8ms | ActiveRecord: 21.3ms | Allocations: 23246)


  [1m[36mActiveRecord::SchemaMigration Pluck (4.9ms)[0m  [1m[34mSELECT "schema_migrations"."version" FROM "schema_migrations" ORDER BY "schema_migrations"."version" ASC[0m
Migrating to AddAdminToUser (20221121002845)
  [1m[36mTRANSACTION (0.1ms)[0m  [1m[36mbegin transaction[0m
  [1m[35m (11.4ms)[0m  [1m[35mALTER TABLE "users" ADD "admin" boolean DEFAULT 0[0m
  [1m[36mActiveRecord::SchemaMigration Create (3.6ms)[0m  [1m[32mINSERT INTO "schema_migrations" ("version") VALUES (?)[0m  [["version", "20221121002845"]]
  [1m[36mTRANSACTION (12.1ms)[0m  [1m[36mcommit transaction[0m
  [1m[36mActiveRecord::InternalMetadata Load (5.0ms)[0m  [1m[34mSELECT "ar_internal_metadata".* FROM "ar_internal_metadata" WHERE "ar_internal_metadata"."key" = ? LIMIT ?[0m  [["key", "environment"], ["LIMIT", 1]]
  [1m[36mActiveRecord::SchemaMigration Pluck (3.5ms)[0m  [1m[34mSELECT "schema_migrations"."version" FROM "schema_migrations" ORDER BY "schema_migrations"."version" ASC[0m
  [1m[36mActiveRecord::SchemaMigration Pluck (1.1ms)[0m  [1m[34mSELECT "schema_migrations"."version" FROM "schema_migrations" ORDER BY "schema_migrations"."version" ASC[0m
Migrating to AddUserToEvaluation (20221121004840)
  [1m[36mTRANSACTION (0.1ms)[0m  [1m[36mbegin transaction[0m
  [1m[35m (0.0ms)[0m  [1m[35mPRAGMA foreign_keys[0m
  [1m[35m (0.0ms)[0m  [1m[35mPRAGMA defer_foreign_keys[0m
  [1m[35m (0.0ms)[0m  [1m[35mPRAGMA defer_foreign_keys = ON[0m
  [1m[35m (0.0ms)[0m  [1m[35mPRAGMA foreign_keys = OFF[0m
  [1m[35m (0.3ms)[0m  [1m[35mCREATE TEMPORARY TABLE "aevaluations" ("id" integer NOT NULL PRIMARY KEY, "score" integer DEFAULT NULL, "evaluation" text DEFAULT NULL, "submitted" boolean DEFAULT NULL, "created_at" datetime(6) NOT NULL, "updated_at" datetime(6) NOT NULL, "presentation_id" integer DEFAULT NULL, "user_id" integer DEFAULT NULL)[0m
  [1m[35m (0.2ms)[0m  [1m[35mCREATE INDEX "tindex_aevaluations_on_user_id" ON "aevaluations" ("user_id")[0m
  [1m[35m (0.1ms)[0m  [1m[35mCREATE INDEX "tindex_aevaluations_on_presentation_id" ON "aevaluations" ("presentation_id")[0m
  [1m[35m (0.2ms)[0m  [1m[32mINSERT INTO "aevaluations" ("id","score","evaluation","submitted","created_at","updated_at","presentation_id","user_id")
                     SELECT "id","score","evaluation","submitted","created_at","updated_at","presentation_id","user_id" FROM "evaluations"[0m
  [1m[35m (4.1ms)[0m  [1m[35mDROP TABLE "evaluations"[0m
  [1m[35m (0.0ms)[0m  [1m[35mPRAGMA defer_foreign_keys = 0[0m
  [1m[35m (0.0ms)[0m  [1m[35mPRAGMA foreign_keys = 1[0m
  [1m[36mTRANSACTION (3.5ms)[0m  [1m[31mrollback transaction[0m
  [1m[36mUser Count (0.8ms)[0m  [1m[34mSELECT COUNT(*) FROM "users"[0m
  [1m[36mActiveRecord::SchemaMigration Pluck (0.8ms)[0m  [1m[34mSELECT "schema_migrations"."version" FROM "schema_migrations" ORDER BY "schema_migrations"."version" ASC[0m
  [1m[36mActiveRecord::InternalMetadata Load (0.8ms)[0m  [1m[34mSELECT "ar_internal_metadata".* FROM "ar_internal_metadata" WHERE "ar_internal_metadata"."key" = ? LIMIT ?[0m  [["key", "environment"], ["LIMIT", 1]]
  [1m[36mActiveRecord::SchemaMigration Pluck (0.7ms)[0m  [1m[34mSELECT "schema_migrations"."version" FROM "schema_migrations" ORDER BY "schema_migrations"."version" ASC[0m
  [1m[36mActiveRecord::SchemaMigration Pluck (1.3ms)[0m  [1m[34mSELECT "schema_migrations"."version" FROM "schema_migrations" ORDER BY "schema_migrations"."version" ASC[0m
  [1m[36mActiveRecord::InternalMetadata Load (1.4ms)[0m  [1m[34mSELECT "ar_internal_metadata".* FROM "ar_internal_metadata" WHERE "ar_internal_metadata"."key" = ? LIMIT ?[0m  [["key", "environment"], ["LIMIT", 1]]
  [1m[36mActiveRecord::SchemaMigration Pluck (1.1ms)[0m  [1m[34mSELECT "schema_migrations"."version" FROM "schema_migrations" ORDER BY "schema_migrations"."version" ASC[0m
  [1m[36mActiveRecord::SchemaMigration Pluck (0.9ms)[0m  [1m[34mSELECT "schema_migrations"."version" FROM "schema_migrations" ORDER BY "schema_migrations"."version" ASC[0m
  [1m[36mActiveRecord::InternalMetadata Load (1.0ms)[0m  [1m[34mSELECT "ar_internal_metadata".* FROM "ar_internal_metadata" WHERE "ar_internal_metadata"."key" = ? LIMIT ?[0m  [["key", "environment"], ["LIMIT", 1]]
  [1m[36mActiveRecord::SchemaMigration Pluck (0.8ms)[0m  [1m[34mSELECT "schema_migrations"."version" FROM "schema_migrations" ORDER BY "schema_migrations"."version" ASC[0m
  [1m[36mPresentation Count (1.0ms)[0m  [1m[34mSELECT COUNT(*) FROM "presentations"[0m
Started GET "/" for 127.0.0.1 at 2022-11-20 21:11:47 -0500
  [1m[36mActiveRecord::SchemaMigration Pluck (1.7ms)[0m  [1m[34mSELECT "schema_migrations"."version" FROM "schema_migrations" ORDER BY "schema_migrations"."version" ASC[0m
Processing by StaticPagesController#home as HTML
  Rendering layout layouts/application.html.erb
  Rendering static_pages/home.html.erb within layouts/application
  Rendered static_pages/home.html.erb within layouts/application (Duration: 1618.6ms | Allocations: 30804)
  Rendered layouts/_shim.html.erb (Duration: 12.8ms | Allocations: 109)
  Rendered layouts/_header.html.erb (Duration: 17.8ms | Allocations: 456)
  Rendered layouts/_footer.html.erb (Duration: 13.4ms | Allocations: 202)
  Rendered layout layouts/application.html.erb (Duration: 2066.4ms | Allocations: 54583)
Completed 200 OK in 2160ms (Views: 2094.9ms | ActiveRecord: 0.0ms | Allocations: 58055)


Started GET "/login" for 127.0.0.1 at 2022-11-20 21:11:58 -0500
Processing by SessionsController#new as HTML
  Rendering layout layouts/application.html.erb
  Rendering sessions/new.html.erb within layouts/application
  Rendered sessions/new.html.erb within layouts/application (Duration: 106.9ms | Allocations: 2723)
  Rendered layouts/_shim.html.erb (Duration: 0.0ms | Allocations: 14)
  Rendered layouts/_header.html.erb (Duration: 0.1ms | Allocations: 137)
  Rendered layouts/_footer.html.erb (Duration: 0.1ms | Allocations: 67)
  Rendered layout layouts/application.html.erb (Duration: 162.9ms | Allocations: 9956)
Completed 200 OK in 182ms (Views: 167.6ms | ActiveRecord: 0.0ms | Allocations: 10743)


Started POST "/login" for 127.0.0.1 at 2022-11-20 21:12:10 -0500
Processing by SessionsController#create as TURBO_STREAM
  Parameters: {"authenticity_token"=>"[FILTERED]", "session"=>{"email"=>"example@gmail.com", "password"=>"[FILTERED]"}, "commit"=>"Log in"}
  [1m[36mUser Load (0.9ms)[0m  [1m[34mSELECT "users".* FROM "users" WHERE "users"."email" = ? LIMIT ?[0m  [["email", "example@gmail.com"], ["LIMIT", 1]]
  ↳ app/controllers/sessions_controller.rb:6:in `create'
Redirected to http://127.0.0.1:9292/users/1
Completed 302 Found in 227ms (ActiveRecord: 6.7ms | Allocations: 11001)


Started GET "/users/1" for 127.0.0.1 at 2022-11-20 21:12:11 -0500
Processing by UsersController#show as TURBO_STREAM
  Parameters: {"id"=>"1"}
  [1m[36mUser Load (1.6ms)[0m  [1m[34mSELECT "users".* FROM "users" WHERE "users"."id" = ? LIMIT ?[0m  [["id", 1], ["LIMIT", 1]]
  ↳ app/controllers/users_controller.rb:7:in `show'
  Rendering layout layouts/application.html.erb
  Rendering users/show.html.erb within layouts/application
  [1m[36mPresentation Load (1.5ms)[0m  [1m[34mSELECT "presentations".* FROM "presentations" INNER JOIN "teams" ON "presentations"."id" = "teams"."presentation_id" WHERE "teams"."user_id" = ?[0m  [["user_id", 1]]
  ↳ app/views/users/show.html.erb:3
  Rendered users/show.html.erb within layouts/application (Duration: 126.7ms | Allocations: 10561)
  Rendered layouts/_shim.html.erb (Duration: 0.0ms | Allocations: 12)
  [1m[36mUser Load (0.8ms)[0m  [1m[34mSELECT "users".* FROM "users" WHERE "users"."id" = ? LIMIT ?[0m  [["id", 1], ["LIMIT", 1]]
  ↳ app/helpers/sessions_helper.rb:8:in `current_user'
  Rendered layouts/_header.html.erb (Duration: 3.6ms | Allocations: 1515)
  Rendered layouts/_footer.html.erb (Duration: 0.1ms | Allocations: 67)
  Rendered layout layouts/application.html.erb (Duration: 182.5ms | Allocations: 19359)
Completed 200 OK in 206ms (Views: 178.8ms | ActiveRecord: 8.1ms | Allocations: 21391)


  [1m[36mPresentation Count (0.9ms)[0m  [1m[34mSELECT COUNT(*) FROM "presentations"[0m
  [1m[36mUser Load (3.3ms)[0m  [1m[34mSELECT "users".* FROM "users"[0m
  [1m[36mUser Exists? (2.1ms)[0m  [1m[34mSELECT 1 AS one FROM "users" WHERE "users"."email" = ? LIMIT ?[0m  [["email", "giles@gmail.com"], ["LIMIT", 1]]
  [1m[36mUser Exists? (1.6ms)[0m  [1m[34mSELECT 1 AS one FROM "users" WHERE "users"."email" = ? LIMIT ?[0m  [["email", "giles@gmail.com"], ["LIMIT", 1]]
  [1m[36mUser Load (2.3ms)[0m  [1m[34mSELECT "users".* FROM "users"[0m
  [1m[36mUser Exists? (3.2ms)[0m  [1m[34mSELECT 1 AS one FROM "users" WHERE "users"."email" = ? LIMIT ?[0m  [["email", "giles@gmail.com"], ["LIMIT", 1]]
  [1m[36mUser Exists? (1.6ms)[0m  [1m[34mSELECT 1 AS one FROM "users" WHERE "users"."email" = ? LIMIT ?[0m  [["email", "charlie@gmail.com"], ["LIMIT", 1]]
  [1m[36mUser Load (2.5ms)[0m  [1m[34mSELECT "users".* FROM "users" ORDER BY "users"."id" ASC LIMIT ?[0m  [["LIMIT", 1]]
  [1m[36mUser Exists? (2.1ms)[0m  [1m[34mSELECT 1 AS one FROM "users" WHERE "users"."email" = ? LIMIT ?[0m  [["email", "charlie@gmail.com"], ["LIMIT", 1]]
